<?xml version="1.0" encoding="UTF-8"?>
<!-- Generated by org.testng.reporters.JUnitReportReporter -->
<testsuite hostname="DESKTOP-O0E0K99" failures="0" tests="1" name="simple.github.Gitpratice" time="0.033" errors="0" timestamp="2025-02-05T11:53:26 IST" skipped="0">
  <testcase classname="simple.github.Gitpratice" name="m1" time="0.033"/>
  <system-out/>
</testsuite> <!-- simple.github.Gitpratice -->
