<?xml version="1.0" encoding="UTF-8"?>
<!-- Generated by org.testng.reporters.JUnitReportReporter -->
<testsuite hostname="DESKTOP-O0E0K99" failures="0" tests="1" name="simple.github.GithubProject" time="0.022" errors="0" timestamp="2025-02-04T12:39:19 IST" skipped="0">
  <testcase classname="simple.github.GithubProject" name="sample" time="0.022"/>
  <system-out/>
</testsuite> <!-- simple.github.GithubProject -->
